Tesseract Open Source OCR Engine with LibTiff
APPLY_BOXES: boxfile 5/20/r ((1084,2501),(1104,2526)): FAILURE! box overlaps blob in labelled word
APPLY_BOXES: ALSO ignoring corrupted char blk:4 row:1 "u"
APPLY_BOXES: boxfile 11/3/r ((411,2460),(430,2484)): FAILURE! box overlaps blob in labelled word
APPLY_BOXES: ALSO ignoring corrupted char blk:4 row:2 "i"
APPLY_BOXES: boxfile 15/3/l ((893,2460),(908,2492)): FAILURE! box overlaps blob in labelled word
APPLY_BOXES: ALSO ignoring corrupted char blk:4 row:2 "i"
APPLY_BOXES: boxfile 28/7/r ((888,2417),(909,2440)): FAILURE! box overlaps blob in labelled word
APPLY_BOXES: ALSO ignoring corrupted char blk:4 row:3 "u"
APPLY_BOXES: boxfile 30/2/l ((1110,2416),(1125,2450)): FAILURE! box overlaps blob in labelled word
APPLY_BOXES: ALSO ignoring corrupted char blk:4 row:3 "u"
APPLY_BOXES: boxfile 33/8/i ((386,2374),(398,2404)): FAILURE! box overlaps blob in labelled word
APPLY_BOXES: ALSO ignoring corrupted char blk:4 row:4 "n"
APPLY_BOXES: boxfile 37/14/n ((1046,2373),(1068,2398)): FAILURE! box overlaps blob in labelled word
APPLY_BOXES: ALSO ignoring corrupted char blk:4 row:4 "e"
APPLY_BOXES: boxfile 38/5/r ((91,2331),(110,2362)): FAILURE! box overlaps blob in labelled word
APPLY_BOXES: ALSO ignoring corrupted char blk:4 row:5 "î"
APPLY_BOXES: boxfile 42/3/l ((984,2331),(999,2363)): FAILURE! box overlaps blob in labelled word
APPLY_BOXES: ALSO ignoring corrupted char blk:4 row:5 "i"
APPLY_BOXES: boxfile 42/7/i ((1088,2330),(1103,2362)): FAILURE! box overlaps blob in labelled word
APPLY_BOXES: ALSO ignoring corrupted char blk:4 row:5 "l"
APPLY_BOXES: boxfile 47/5/m ((181,2244),(221,2267)): FAILURE! box overlaps blob in labelled word
APPLY_BOXES: ALSO ignoring corrupted char blk:4 row:7 "u"
APPLY_BOXES: boxfile 55/5/r ((292,2201),(311,2225)): FAILURE! box overlaps blob in labelled word
APPLY_BOXES: ALSO ignoring corrupted char blk:4 row:8 "a"
APPLY_BOXES: boxfile 55/10/n ((406,2202),(430,2234)): FAILURE! box overlaps blob in labelled word
APPLY_BOXES: ALSO ignoring corrupted char blk:4 row:8 "i"
APPLY_BOXES: boxfile 55/12/r ((472,2193),(493,2228)): FAILURE! box overlaps blob in labelled word
APPLY_BOXES: ALSO ignoring corrupted char blk:4 row:8 "g"
APPLY_BOXES: boxfile 55/16/ă ((557,2203),(578,2235)): FAILURE! box overlaps blob in labelled word
APPLY_BOXES: ALSO ignoring corrupted char blk:4 row:8 "t"
APPLY_BOXES: boxfile 61/2/l ((258,2156),(273,2189)): FAILURE! box overlaps blob in labelled word
APPLY_BOXES: ALSO ignoring corrupted char blk:4 row:9 "u"
APPLY_BOXES: boxfile 61/9/u ((406,2159),(430,2182)): FAILURE! box overlaps blob in labelled word
APPLY_BOXES: ALSO ignoring corrupted char blk:4 row:9 "c"
APPLY_BOXES: boxfile 61/12/n ((507,2160),(533,2183)): FAILURE! box overlaps blob in labelled word
APPLY_BOXES: ALSO ignoring corrupted char blk:4 row:9 "u"
APPLY_BOXES: boxfile 62/11/m ((805,2159),(843,2182)): FAILURE! box overlaps blob in labelled word
APPLY_BOXES: ALSO ignoring corrupted char blk:4 row:9 "u"
APPLY_BOXES: boxfile 66/5/ă ((306,2116),(327,2148)): FAILURE! box overlaps blob in labelled word
APPLY_BOXES: ALSO ignoring corrupted char blk:4 row:10 "t"
APPLY_BOXES: boxfile 73/6/g ((272,2064),(296,2097)): FAILURE! box overlaps blob in labelled word
APPLY_BOXES: ALSO ignoring corrupted char blk:4 row:11 "n"
APPLY_BOXES: boxfile 74/7/a ((446,2073),(466,2098)): FAILURE! box overlaps blob in labelled word
APPLY_BOXES: ALSO ignoring corrupted char blk:4 row:11 "o"
APPLY_BOXES: boxfile 93/2/r ((400,1988),(420,2012)): FAILURE! box overlaps blob in labelled word
APPLY_BOXES: ALSO ignoring corrupted char blk:4 row:13 "u"
APPLY_BOXES: boxfile 93/5/r ((467,1988),(485,2012)): FAILURE! box overlaps blob in labelled word
APPLY_BOXES: ALSO ignoring corrupted char blk:4 row:13 "a"
APPLY_BOXES: boxfile 93/10/r ((614,1988),(634,2013)): FAILURE! box overlaps blob in labelled word
APPLY_BOXES: ALSO ignoring corrupted char blk:4 row:13 "ă"
APPLY_BOXES: boxfile 94/4/n ((827,1986),(852,2012)): FAILURE! box overlaps blob in labelled word
APPLY_BOXES: ALSO ignoring corrupted char blk:4 row:13 "i"
APPLY_BOXES: boxfile 94/9/u ((953,1988),(977,2011)): FAILURE! box overlaps blob in labelled word
APPLY_BOXES: ALSO ignoring corrupted char blk:4 row:13 "c"
APPLY_BOXES: boxfile 100/15/u ((809,1946),(834,1969)): FAILURE! box overlaps blob in labelled word
APPLY_BOXES: ALSO ignoring corrupted char blk:4 row:14 "c"
APPLY_BOXES: boxfile 107/2/n ((309,1900),(333,1924)): FAILURE! box overlaps blob in labelled word
APPLY_BOXES: ALSO ignoring corrupted char blk:4 row:15 "u"
APPLY_BOXES: boxfile 107/9/r ((452,1900),(472,1925)): FAILURE! box overlaps blob in labelled word
APPLY_BOXES: ALSO ignoring corrupted char blk:4 row:15 "a"
APPLY_BOXES: boxfile 110/3/r ((787,1902),(807,1925)): FAILURE! box overlaps blob in labelled word
APPLY_BOXES: ALSO ignoring corrupted char blk:4 row:15 "e"
APPLY_BOXES: boxfile 112/5/r ((1010,1902),(1031,1927)): FAILURE! box overlaps blob in labelled word
APPLY_BOXES: ALSO ignoring corrupted char blk:4 row:15 "u"
APPLY_BOXES: boxfile 117/1/m ((496,1857),(533,1880)): FAILURE! box overlaps blob in labelled word
APPLY_BOXES: ALSO ignoring corrupted char blk:4 row:16 "a"
APPLY_BOXES: boxfile 117/7/r ((673,1859),(691,1882)): FAILURE! box overlaps blob in labelled word
APPLY_BOXES: ALSO ignoring corrupted char blk:4 row:16 "c"
APPLY_BOXES: boxfile 117/10/n ((748,1857),(772,1890)): FAILURE! box overlaps blob in labelled word
APPLY_BOXES: ALSO ignoring corrupted char blk:4 row:16 "i"
APPLY_BOXES: boxfile 117/15/v ((864,1858),(886,1883)): FAILURE! box overlaps blob in labelled word
APPLY_BOXES: ALSO ignoring corrupted char blk:4 row:16 "c"
APPLY_BOXES: boxfile 124/2/r ((546,1809),(563,1842)): FAILURE! box overlaps blob in labelled word
APPLY_BOXES: ALSO ignoring corrupted char blk:4 row:17 "g"
APPLY_BOXES: boxfile 133/8/u ((270,1771),(293,1796)): FAILURE! box overlaps blob in labelled word
APPLY_BOXES: ALSO ignoring corrupted char blk:4 row:18 "t"
APPLY_BOXES: boxfile 136/3/ă ((686,1711),(708,1745)): FAILURE! box overlaps blob in labelled word
APPLY_BOXES: ALSO ignoring corrupted char blk:4 row:1 "t"
APPLY_BOXES: boxfile 136/7/u ((853,1711),(877,1739)): FAILURE! box overlaps blob in labelled word
APPLY_BOXES: ALSO ignoring corrupted char blk:4 row:1 "g"
APPLY_BOXES: boxfile 141/3/l ((208,1666),(222,1700)): FAILURE! box overlaps blob in labelled word
APPLY_BOXES: ALSO ignoring corrupted char blk:4 row:2 "i"
APPLY_BOXES: boxfile 142/14/r ((1091,1669),(1110,1694)): FAILURE! box overlaps blob in labelled word
APPLY_BOXES: ALSO ignoring corrupted char blk:4 row:2 "a"
APPLY_BOXES: boxfile 144/3/n ((114,1621),(138,1646)): FAILURE! box overlaps blob in labelled word
APPLY_BOXES: ALSO ignoring corrupted char blk:4 row:3 "e"
APPLY_BOXES: boxfile 147/1/n ((475,1624),(499,1648)): FAILURE! box overlaps blob in labelled word
APPLY_BOXES: ALSO ignoring corrupted char blk:4 row:3 "î"
APPLY_BOXES: boxfile 148/4/m ((595,1626),(631,1651)): FAILURE! box overlaps blob in labelled word
APPLY_BOXES: ALSO ignoring corrupted char blk:4 row:3 "i"
APPLY_BOXES: boxfile 151/5/d ((138,1575),(162,1613)): FAILURE! box overlaps blob in labelled word
APPLY_BOXES: ALSO ignoring corrupted char blk:4 row:4 "e"
APPLY_BOXES: boxfile 155/10/m ((680,1580),(717,1604)): FAILURE! box overlaps blob in labelled word
APPLY_BOXES: ALSO ignoring corrupted char blk:4 row:4 "a"
APPLY_BOXES: boxfile 159/6/i ((1106,1581),(1119,1614)): FAILURE! box overlaps blob in labelled word
APPLY_BOXES: ALSO ignoring corrupted char blk:4 row:4 "r"
APPLY_BOXES: boxfile 163/13/r ((467,1539),(485,1565)): FAILURE! box overlaps blob in labelled word
APPLY_BOXES: ALSO ignoring corrupted char blk:4 row:5 "i"
APPLY_BOXES: boxfile 168/3/m ((1030,1541),(1067,1565)): FAILURE! box overlaps blob in labelled word
APPLY_BOXES: ALSO ignoring corrupted char blk:4 row:5 "i"
APPLY_BOXES: boxfile 170/13/r ((313,1493),(332,1519)): FAILURE! box overlaps blob in labelled word
APPLY_BOXES: ALSO ignoring corrupted char blk:4 row:6 "t"
APPLY_BOXES: boxfile 170/34/r ((794,1498),(814,1523)): FAILURE! box overlaps blob in labelled word
APPLY_BOXES: ALSO ignoring corrupted char blk:4 row:6 "u"
APPLY_BOXES: boxfile 172/4/u ((124,1450),(149,1476)): FAILURE! box overlaps blob in labelled word
APPLY_BOXES: ALSO ignoring corrupted char blk:4 row:7 "g"
APPLY_BOXES: boxfile 178/4/i ((757,1452),(771,1485)): FAILURE! box overlaps blob in labelled word
APPLY_BOXES: ALSO ignoring corrupted char blk:4 row:7 "u"
APPLY_BOXES: boxfile 180/2/n ((47,1406),(71,1432)): FAILURE! box overlaps blob in labelled word
APPLY_BOXES: ALSO ignoring corrupted char blk:4 row:8 "î"
APPLY_BOXES: boxfile 192/13/d ((829,1366),(853,1400)): FAILURE! box overlaps blob in labelled word
APPLY_BOXES: ALSO ignoring corrupted char blk:4 row:9 "e"
APPLY_BOXES: boxfile 204/5/m ((401,1263),(439,1296)): FAILURE! box overlaps blob in labelled word
APPLY_BOXES: ALSO ignoring corrupted char blk:4 row:11 "i"
APPLY_BOXES: boxfile 207/3/f ((732,1263),(750,1296)): FAILURE! box overlaps blob in labelled word
APPLY_BOXES: ALSO ignoring corrupted char blk:4 row:11 "i"
APPLY_BOXES: boxfile 210/10/l ((1030,1266),(1044,1298)): FAILURE! box overlaps blob in labelled word
APPLY_BOXES: ALSO ignoring corrupted char blk:4 row:11 "i"
APPLY_BOXES: boxfile 213/3/l ((320,1219),(334,1251)): FAILURE! box overlaps blob in labelled word
APPLY_BOXES: ALSO ignoring corrupted char blk:4 row:12 "u"
APPLY_BOXES: boxfile 214/18/r ((761,1222),(780,1247)): FAILURE! box overlaps blob in labelled word
APPLY_BOXES: ALSO ignoring corrupted char blk:4 row:12 "i"
APPLY_BOXES: boxfile 215/2/r ((998,1220),(1018,1246)): FAILURE! box overlaps blob in labelled word
APPLY_BOXES: ALSO ignoring corrupted char blk:4 row:12 "u"
APPLY_BOXES: boxfile 217/17/i ((394,1175),(406,1208)): FAILURE! box overlaps blob in labelled word
APPLY_BOXES: ALSO ignoring corrupted char blk:4 row:13 "c"
APPLY_BOXES: boxfile 217/19/n ((426,1175),(452,1200)): FAILURE! box overlaps blob in labelled word
APPLY_BOXES: ALSO ignoring corrupted char blk:4 row:13 "e"
APPLY_BOXES: boxfile 217/21/ă ((468,1177),(490,1207)): FAILURE! box overlaps blob in labelled word
APPLY_BOXES: ALSO ignoring corrupted char blk:4 row:13 "t"
APPLY_BOXES: boxfile 228/3/u ((463,1133),(487,1159)): FAILURE! box overlaps blob in labelled word
APPLY_BOXES: ALSO ignoring corrupted char blk:4 row:14 "g"
APPLY_BOXES: boxfile 233/10/r ((1039,1136),(1057,1159)): FAILURE! box overlaps blob in labelled word
APPLY_BOXES: ALSO ignoring corrupted char blk:4 row:14 "a"
APPLY_BOXES: boxfile 235/2/i ((71,1088),(84,1120)): FAILURE! box overlaps blob in labelled word
APPLY_BOXES: ALSO ignoring corrupted char blk:4 row:15 "m"
APPLY_BOXES: boxfile 237/6/r ((335,1089),(356,1113)): FAILURE! box overlaps blob in labelled word
APPLY_BOXES: ALSO ignoring corrupted char blk:4 row:15 "u"
APPLY_BOXES: boxfile 241/3/s ((967,1094),(984,1117)): FAILURE! box overlaps blob in labelled word
APPLY_BOXES: ALSO ignoring corrupted char blk:4 row:15 "u"
APPLY_BOXES: boxfile 244/12/n ((309,1046),(334,1078)): FAILURE! box overlaps blob in labelled word
APPLY_BOXES: ALSO ignoring corrupted char blk:4 row:16 "i"
APPLY_BOXES: boxfile 257/7/r ((1092,1007),(1112,1032)): FAILURE! box overlaps blob in labelled word
APPLY_BOXES: ALSO ignoring corrupted char blk:4 row:17 "a"
APPLY_BOXES: boxfile 260/10/m ((250,959),(287,984)): FAILURE! box overlaps blob in labelled word
APPLY_BOXES: ALSO ignoring corrupted char blk:4 row:18 "u"
APPLY_BOXES: boxfile 261/5/i ((426,962),(439,994)): FAILURE! box overlaps blob in labelled word
APPLY_BOXES: ALSO ignoring corrupted char blk:4 row:18 "d"
APPLY_BOXES: boxfile 264/3/r ((988,964),(1007,989)): FAILURE! box overlaps blob in labelled word
APPLY_BOXES: ALSO ignoring corrupted char blk:4 row:18 "i"
APPLY_BOXES: boxfile 264/5/i ((1021,965),(1034,998)): FAILURE! box overlaps blob in labelled word
APPLY_BOXES: ALSO ignoring corrupted char blk:4 row:18 "i"
APPLY_BOXES: boxfile 280/1/l ((1122,924),(1139,958)): FAILURE! box overlaps blob in labelled word
APPLY_BOXES: ALSO ignoring corrupted char blk:4 row:19 "u"
APPLY_BOXES: boxfile 287/3/r ((832,878),(850,903)): FAILURE! box overlaps blob in labelled word
APPLY_BOXES: ALSO ignoring corrupted char blk:4 row:20 "a"
APPLY_BOXES: boxfile 289/2/e ((1116,880),(1139,907)): FAILURE! box overlaps blob in labelled word
APPLY_BOXES: ALSO ignoring corrupted char blk:4 row:20 "r"
APPLY_BOXES: boxfile 290/7/u ((176,831),(201,861)): FAILURE! box overlaps blob in labelled word
APPLY_BOXES: ALSO ignoring corrupted char blk:4 row:21 "t"
APPLY_BOXES: boxfile 292/7/u ((654,827),(678,861)): FAILURE! box overlaps blob in labelled word
APPLY_BOXES: ALSO ignoring corrupted char blk:4 row:21 "g"
APPLY_BOXES: boxfile 293/4/l ((794,836),(807,868)): FAILURE! box overlaps blob in labelled word
APPLY_BOXES: ALSO ignoring corrupted char blk:4 row:21 "u"
APPLY_BOXES: boxfile 293/10/ă ((953,836),(972,869)): FAILURE! box overlaps blob in labelled word
APPLY_BOXES: ALSO ignoring corrupted char blk:4 row:21 "c"
APPLY_BOXES: boxfile 298/10/r ((472,789),(491,815)): FAILURE! box overlaps blob in labelled word
APPLY_BOXES: ALSO ignoring corrupted char blk:4 row:22 "t"
APPLY_BOXES: boxfile 299/4/n ((629,790),(654,816)): FAILURE! box overlaps blob in labelled word
APPLY_BOXES: ALSO ignoring corrupted char blk:4 row:22 "i"
APPLY_BOXES: boxfile 301/7/d ((963,793),(986,825)): FAILURE! box overlaps blob in labelled word
APPLY_BOXES: ALSO ignoring corrupted char blk:4 row:22 "e"
APPLY_BOXES: boxfile 309/6/n ((427,688),(452,712)): FAILURE! box overlaps blob in labelled word
APPLY_BOXES: ALSO ignoring corrupted char blk:4 row:24 "a"
APPLY_BOXES: boxfile 309/8/ă ((468,686),(490,718)): FAILURE! box overlaps blob in labelled word
APPLY_BOXES: ALSO ignoring corrupted char blk:4 row:24 "t"
APPLY_BOXES: boxfile 310/5/z ((757,687),(777,714)): FAILURE! box overlaps blob in labelled word
APPLY_BOXES: ALSO ignoring corrupted char blk:4 row:24 "e"
APPLY_BOXES: boxfile 311/2/v ((818,689),(841,714)): FAILURE! box overlaps blob in labelled word
APPLY_BOXES: ALSO ignoring corrupted char blk:4 row:24 "r"
APPLY_BOXES: boxfile 326/3/m ((76,579),(114,604)): FAILURE! box overlaps blob in labelled word
APPLY_BOXES: ALSO ignoring corrupted char blk:4 row:26 "ă"
APPLY_BOXES: boxfile 329/10/z ((705,584),(726,608)): FAILURE! box overlaps blob in labelled word
APPLY_BOXES: ALSO ignoring corrupted char blk:4 row:26 "n"
APPLY_BOXES: boxfile 330/5/r ((808,585),(826,610)): FAILURE! box overlaps blob in labelled word
APPLY_BOXES: ALSO ignoring corrupted char blk:4 row:26 "a"
APPLY_BOXES: boxfile 334/11/i ((279,530),(291,562)): FAILURE! box overlaps blob in labelled word
APPLY_BOXES: ALSO ignoring corrupted char blk:4 row:27 "t"
APPLY_BOXES: boxfile 335/1/l ((376,530),(392,564)): FAILURE! box overlaps blob in labelled word
APPLY_BOXES: ALSO ignoring corrupted char blk:4 row:27 "u"
APPLY_BOXES: boxfile 336/15/i ((701,533),(714,566)): FAILURE! box overlaps blob in labelled word
APPLY_BOXES: ALSO ignoring corrupted char blk:4 row:27 "i"
APPLY_BOXES: boxfile 337/2/n ((873,534),(898,557)): FAILURE! box overlaps blob in labelled word
APPLY_BOXES: ALSO ignoring corrupted char blk:4 row:27 "u"
APPLY_BOXES: boxfile 337/4/ă ((919,532),(941,566)): FAILURE! box overlaps blob in labelled word
APPLY_BOXES: ALSO ignoring corrupted char blk:4 row:27 "c"
APPLY_BOXES: boxfile 337/7/n ((992,534),(1017,560)): FAILURE! box overlaps blob in labelled word
APPLY_BOXES: ALSO ignoring corrupted char blk:4 row:27 "Î"
APPLY_BOXES: boxfile 338/2/s ((1104,536),(1124,562)): FAILURE! box overlaps blob in labelled word
APPLY_BOXES: ALSO ignoring corrupted char blk:4 row:27 "e"
APPLY_BOXES: boxfile 343/4/l ((437,480),(452,514)): FAILURE! box overlaps blob in labelled word
APPLY_BOXES: ALSO ignoring corrupted char blk:4 row:28 "u"
APPLY_BOXES: boxfile 344/4/n ((855,482),(880,508)): FAILURE! box overlaps blob in labelled word
APPLY_BOXES: ALSO ignoring corrupted char blk:4 row:28 "î"
APPLY_BOXES: boxfile 346/3/r ((949,483),(968,508)): FAILURE! box overlaps blob in labelled word
APPLY_BOXES: ALSO ignoring corrupted char blk:4 row:28 "i"
APPLY_BOXES: boxfile 350/8/l ((794,432),(806,466)): FAILURE! box overlaps blob in labelled word
APPLY_BOXES: ALSO ignoring corrupted char blk:4 row:29 "a"
APPLY_BOXES: boxfile 350/11/ă ((836,432),(858,464)): FAILURE! box overlaps blob in labelled word
APPLY_BOXES: ALSO ignoring corrupted char blk:4 row:29 "t"
APPLY_BOXES: boxfile 352/2/t ((971,434),(987,466)): FAILURE! box overlaps blob in labelled word
APPLY_BOXES: ALSO ignoring corrupted char blk:4 row:29 "c"
APPLY_BOXES: boxfile 357/4/n ((378,377),(403,403)): FAILURE! box overlaps blob in labelled word
APPLY_BOXES: ALSO ignoring corrupted char blk:4 row:30 "i"
APPLY_BOXES: boxfile 361/2/n ((922,380),(950,406)): FAILURE! box overlaps blob in labelled word
APPLY_BOXES: ALSO ignoring corrupted char blk:4 row:30 "u"
APPLY_BOXES: boxfile 364/3/e ((1118,384),(1142,409)): FAILURE! box overlaps blob in labelled word
APPLY_BOXES: ALSO ignoring corrupted char blk:4 row:30 "t"
APPLY_BOXES: boxfile 366/4/c ((146,324),(165,349)): FAILURE! box overlaps blob in labelled word
APPLY_BOXES: ALSO ignoring corrupted char blk:4 row:31 "e"
APPLY_BOXES: boxfile 366/9/ș ((258,317),(276,349)): FAILURE! box overlaps blob in labelled word
APPLY_BOXES: ALSO ignoring corrupted char blk:4 row:31 "a"
APPLY_BOXES: boxfile 366/12/r ((314,323),(334,349)): FAILURE! box overlaps blob in labelled word
APPLY_BOXES: ALSO ignoring corrupted char blk:4 row:31 "e"
APPLY_BOXES: boxfile 370/1/l ((814,329),(829,363)): FAILURE! box overlaps blob in labelled word
APPLY_BOXES: ALSO ignoring corrupted char blk:4 row:31 "a"
APPLY_BOXES: boxfile 373/2/i ((1084,330),(1098,364)): FAILURE! box overlaps blob in labelled word
APPLY_BOXES: ALSO ignoring corrupted char blk:4 row:31 "t"
APPLY_BOXES: boxfile 374/5/n ((140,269),(164,294)): FAILURE! box overlaps blob in labelled word
APPLY_BOXES: ALSO ignoring corrupted char blk:4 row:32 "î"
APPLY_BOXES: boxfile 374/10/i ((268,273),(279,305)): FAILURE! box overlaps blob in labelled word
APPLY_BOXES: ALSO ignoring corrupted char blk:4 row:32 "s"
APPLY_BOXES: boxfile 378/2/r ((448,275),(467,300)): FAILURE! box overlaps blob in labelled word
APPLY_BOXES: ALSO ignoring corrupted char blk:4 row:32 "i"
APPLY_BOXES: boxfile 379/2/r ((578,275),(598,301)): FAILURE! box overlaps blob in labelled word
APPLY_BOXES: ALSO ignoring corrupted char blk:4 row:32 "u"
APPLY_BOXES: boxfile 382/2/r ((848,277),(870,305)): FAILURE! box overlaps blob in labelled word
APPLY_BOXES: ALSO ignoring corrupted char blk:4 row:32 "g"
APPLY_BOXES: boxfile 384/3/r ((936,278),(954,302)): FAILURE! box overlaps blob in labelled word
APPLY_BOXES: ALSO ignoring corrupted char blk:4 row:32 "a"
APPLY_BOXES: boxfile 385/2/i ((1127,280),(1145,315)): FAILURE! box overlaps blob in labelled word
APPLY_BOXES: ALSO ignoring corrupted char blk:4 row:32 "i"
APPLY_BOXES: boxfile 387/6/n ((274,221),(297,246)): FAILURE! box overlaps blob in labelled word
APPLY_BOXES: ALSO ignoring corrupted char blk:4 row:33 "î"
APPLY_BOXES: boxfile 387/9/r ((356,222),(374,247)): FAILURE! box overlaps blob in labelled word
APPLY_BOXES: ALSO ignoring corrupted char blk:4 row:33 "a"
APPLY_BOXES: boxfile 388/2/i ((560,225),(574,257)): FAILURE! box overlaps blob in labelled word
APPLY_BOXES: ALSO ignoring corrupted char blk:4 row:33 "l"
APPLY_BOXES: boxfile 391/4/m ((830,227),(868,253)): FAILURE! box overlaps blob in labelled word
APPLY_BOXES: ALSO ignoring corrupted char blk:4 row:33 "u"
APPLY_BOXES: boxfile 391/6/l ((892,228),(907,262)): FAILURE! box overlaps blob in labelled word
APPLY_BOXES: ALSO ignoring corrupted char blk:4 row:33 "u"
APPLY_BOXES: boxfile 395/2/i ((93,167),(105,206)): FAILURE! box overlaps blob in labelled word
APPLY_BOXES: ALSO ignoring corrupted char blk:4 row:1 "ț"
APPLY_BOXES: boxfile 398/6/r ((705,178),(726,203)): FAILURE! box overlaps blob in labelled word
APPLY_BOXES: ALSO ignoring corrupted char blk:4 row:1 "O"
APPLY_BOXES: boxfile 399/10/ă ((972,180),(992,212)): FAILURE! box overlaps blob in labelled word
APPLY_BOXES: ALSO ignoring corrupted char blk:4 row:1 "c"
APPLY_BOXES: boxfile 399/14/a ((1067,182),(1086,207)): FAILURE! box overlaps blob in labelled word
APPLY_BOXES: ALSO ignoring corrupted char blk:4 row:1 "s"
APPLY_BOXES: boxfile 403/6/z ((424,122),(443,148)): FAILURE! box overlaps blob in labelled word
APPLY_BOXES: ALSO ignoring corrupted char blk:4 row:1 "a"
APPLY_BOXES: boxfile 403/13/r ((590,126),(610,151)): FAILURE! box overlaps blob in labelled word
APPLY_BOXES: ALSO ignoring corrupted char blk:4 row:1 "u"
APPLY_BOXES: boxfile 405/2/i ((980,129),(993,162)): FAILURE! box overlaps blob in labelled word
APPLY_BOXES: ALSO ignoring corrupted char blk:4 row:1 "i"
APPLY_BOXES: boxfile 405/8/i ((1129,129),(1145,166)): FAILURE! box overlaps blob in labelled word
APPLY_BOXES: ALSO ignoring corrupted char blk:4 row:1 "i"
APPLY_BOXES: boxfile 408/2/r ((405,73),(425,100)): FAILURE! box overlaps blob in labelled word
APPLY_BOXES: ALSO ignoring corrupted char blk:4 row:2 "g"
APPLY_BOXES: boxfile 416/2/u ((60,18),(84,46)): FAILURE! box overlaps blob in labelled word
APPLY_BOXES: ALSO ignoring corrupted char blk:4 row:3 "t"
APPLY_BOXES: boxfile 416/5/e ((126,18),(146,42)): FAILURE! box overlaps blob in labelled word
APPLY_BOXES: ALSO ignoring corrupted char blk:4 row:3 "z"
APPLY_BOXES: boxfile 421/3/n ((416,19),(440,45)): FAILURE! box overlaps blob in labelled word
APPLY_BOXES: ALSO ignoring corrupted char blk:4 row:3 "i"
APPLY_BOXES: boxfile 421/8/i ((509,20),(523,56)): FAILURE! box overlaps blob in labelled word
APPLY_BOXES: ALSO ignoring corrupted char blk:4 row:3 "ț"
APPLY_BOXES: boxfile 421/12/s ((582,23),(603,48)): FAILURE! box overlaps blob in labelled word
APPLY_BOXES: ALSO ignoring corrupted char blk:4 row:3 "i"
APPLY_BOXES: More than one block??
APPLY_BOXES: Unlabelled word blk:1 row:1 allrows:1
APPLY_BOXES: Unlabelled word blk:1 row:1 allrows:1
APPLY_BOXES: Unlabelled word blk:1 row:1 allrows:1
APPLY_BOXES: Unlabelled word blk:1 row:1 allrows:1
APPLY_BOXES: Unlabelled word blk:1 row:2 allrows:2
APPLY_BOXES: Unlabelled word blk:1 row:2 allrows:2
APPLY_BOXES: Unlabelled word blk:1 row:3 allrows:3
APPLY_BOXES: Unlabelled word blk:1 row:3 allrows:3
APPLY_BOXES: Unlabelled word blk:1 row:4 allrows:4
APPLY_BOXES: Unlabelled word blk:1 row:4 allrows:4
APPLY_BOXES: Unlabelled word blk:1 row:4 allrows:4
APPLY_BOXES: Unlabelled word blk:1 row:5 allrows:5
APPLY_BOXES: Unlabelled word blk:1 row:5 allrows:5
APPLY_BOXES: Unlabelled word blk:1 row:5 allrows:5
APPLY_BOXES: Unlabelled word blk:1 row:7 allrows:7
APPLY_BOXES: Unlabelled word blk:1 row:8 allrows:8
APPLY_BOXES: Unlabelled word blk:1 row:8 allrows:8
APPLY_BOXES: Unlabelled word blk:1 row:8 allrows:8
APPLY_BOXES: Unlabelled word blk:1 row:8 allrows:8
APPLY_BOXES: Unlabelled word blk:1 row:9 allrows:9
APPLY_BOXES: Unlabelled word blk:1 row:9 allrows:9
APPLY_BOXES: Unlabelled word blk:1 row:9 allrows:9
APPLY_BOXES: Unlabelled word blk:1 row:9 allrows:9
APPLY_BOXES: Unlabelled word blk:1 row:9 allrows:9
APPLY_BOXES: Unlabelled word blk:1 row:11 allrows:11
APPLY_BOXES: Unlabelled word blk:1 row:11 allrows:11
APPLY_BOXES: Unlabelled word blk:1 row:12 allrows:12
APPLY_BOXES: Unlabelled word blk:1 row:12 allrows:12
APPLY_BOXES: Unlabelled word blk:1 row:12 allrows:12
APPLY_BOXES: Unlabelled word blk:1 row:12 allrows:12
APPLY_BOXES: Unlabelled word blk:1 row:12 allrows:12
APPLY_BOXES: Unlabelled word blk:1 row:13 allrows:13
APPLY_BOXES: Unlabelled word blk:1 row:13 allrows:13
APPLY_BOXES: Unlabelled word blk:1 row:13 allrows:13
APPLY_BOXES: Unlabelled word blk:1 row:13 allrows:13
APPLY_BOXES: Unlabelled word blk:1 row:13 allrows:13
APPLY_BOXES: Unlabelled word blk:1 row:14 allrows:14
APPLY_BOXES: Unlabelled word blk:1 row:14 allrows:14
APPLY_BOXES: Unlabelled word blk:1 row:15 allrows:15
APPLY_BOXES: Unlabelled word blk:1 row:15 allrows:15
APPLY_BOXES: Unlabelled word blk:1 row:15 allrows:15
APPLY_BOXES: Unlabelled word blk:1 row:15 allrows:15
APPLY_BOXES: Unlabelled word blk:1 row:16 allrows:16
APPLY_BOXES: Unlabelled word blk:1 row:16 allrows:16
APPLY_BOXES: Unlabelled word blk:1 row:16 allrows:16
APPLY_BOXES: Unlabelled word blk:1 row:16 allrows:16
APPLY_BOXES: Unlabelled word blk:1 row:17 allrows:17
APPLY_BOXES: Unlabelled word blk:1 row:17 allrows:17
APPLY_BOXES: Unlabelled word blk:1 row:17 allrows:17
APPLY_BOXES: Unlabelled word blk:1 row:18 allrows:18
APPLY_BOXES: Unlabelled word blk:1 row:18 allrows:18
APPLY_BOXES: Unlabelled word blk:2 row:1 allrows:19
APPLY_BOXES: Unlabelled word blk:2 row:1 allrows:19
APPLY_BOXES: Unlabelled word blk:2 row:1 allrows:19
APPLY_BOXES: Unlabelled word blk:2 row:2 allrows:20
APPLY_BOXES: Unlabelled word blk:2 row:2 allrows:20
APPLY_BOXES: Unlabelled word blk:2 row:2 allrows:20
APPLY_BOXES: Unlabelled word blk:2 row:2 allrows:20
APPLY_BOXES: Unlabelled word blk:2 row:2 allrows:20
APPLY_BOXES: Unlabelled word blk:2 row:3 allrows:21
APPLY_BOXES: Unlabelled word blk:2 row:3 allrows:21
APPLY_BOXES: Unlabelled word blk:2 row:3 allrows:21
APPLY_BOXES: Unlabelled word blk:2 row:3 allrows:21
APPLY_BOXES: Unlabelled word blk:2 row:4 allrows:22
APPLY_BOXES: Unlabelled word blk:2 row:4 allrows:22
APPLY_BOXES: Unlabelled word blk:2 row:4 allrows:22
APPLY_BOXES: Unlabelled word blk:2 row:4 allrows:22
APPLY_BOXES: Unlabelled word blk:2 row:4 allrows:22
APPLY_BOXES: Unlabelled word blk:2 row:5 allrows:23
APPLY_BOXES: Unlabelled word blk:2 row:5 allrows:23
APPLY_BOXES: Unlabelled word blk:2 row:5 allrows:23
APPLY_BOXES: Unlabelled word blk:2 row:6 allrows:24
APPLY_BOXES: Unlabelled word blk:2 row:6 allrows:24
APPLY_BOXES: Unlabelled word blk:2 row:6 allrows:24
APPLY_BOXES: Unlabelled word blk:2 row:6 allrows:24
APPLY_BOXES: Unlabelled word blk:2 row:6 allrows:24
APPLY_BOXES: Unlabelled word blk:2 row:7 allrows:25
APPLY_BOXES: Unlabelled word blk:2 row:7 allrows:25
APPLY_BOXES: Unlabelled word blk:2 row:7 allrows:25
APPLY_BOXES: Unlabelled word blk:2 row:8 allrows:26
APPLY_BOXES: Unlabelled word blk:2 row:9 allrows:27
APPLY_BOXES: Unlabelled word blk:2 row:9 allrows:27
APPLY_BOXES: Unlabelled word blk:2 row:11 allrows:29
APPLY_BOXES: Unlabelled word blk:2 row:11 allrows:29
APPLY_BOXES: Unlabelled word blk:2 row:11 allrows:29
APPLY_BOXES: Unlabelled word blk:2 row:11 allrows:29
APPLY_BOXES: Unlabelled word blk:2 row:12 allrows:30
APPLY_BOXES: Unlabelled word blk:2 row:12 allrows:30
APPLY_BOXES: Unlabelled word blk:2 row:12 allrows:30
APPLY_BOXES: Unlabelled word blk:2 row:13 allrows:31
APPLY_BOXES: Unlabelled word blk:2 row:13 allrows:31
APPLY_BOXES: Unlabelled word blk:2 row:13 allrows:31
APPLY_BOXES: Unlabelled word blk:2 row:13 allrows:31
APPLY_BOXES: Unlabelled word blk:2 row:13 allrows:31
APPLY_BOXES: Unlabelled word blk:2 row:13 allrows:31
APPLY_BOXES: Unlabelled word blk:2 row:14 allrows:32
APPLY_BOXES: Unlabelled word blk:2 row:14 allrows:32
APPLY_BOXES: Unlabelled word blk:2 row:14 allrows:32
APPLY_BOXES: Unlabelled word blk:2 row:15 allrows:33
APPLY_BOXES: Unlabelled word blk:2 row:15 allrows:33
APPLY_BOXES: Unlabelled word blk:2 row:15 allrows:33
APPLY_BOXES: Unlabelled word blk:2 row:16 allrows:34
APPLY_BOXES: Unlabelled word blk:2 row:16 allrows:34
APPLY_BOXES: Unlabelled word blk:2 row:17 allrows:35
APPLY_BOXES: Unlabelled word blk:2 row:18 allrows:36
APPLY_BOXES: Unlabelled word blk:2 row:18 allrows:36
APPLY_BOXES: Unlabelled word blk:2 row:18 allrows:36
APPLY_BOXES: Unlabelled word blk:2 row:18 allrows:36
APPLY_BOXES: Unlabelled word blk:2 row:18 allrows:36
APPLY_BOXES: Unlabelled word blk:2 row:18 allrows:36
APPLY_BOXES: Unlabelled word blk:2 row:19 allrows:37
APPLY_BOXES: Unlabelled word blk:2 row:19 allrows:37
APPLY_BOXES: Unlabelled word blk:2 row:20 allrows:38
APPLY_BOXES: Unlabelled word blk:2 row:20 allrows:38
APPLY_BOXES: Unlabelled word blk:2 row:20 allrows:38
APPLY_BOXES: Unlabelled word blk:2 row:21 allrows:39
APPLY_BOXES: Unlabelled word blk:2 row:21 allrows:39
APPLY_BOXES: Unlabelled word blk:2 row:21 allrows:39
APPLY_BOXES: Unlabelled word blk:2 row:21 allrows:39
APPLY_BOXES: Unlabelled word blk:2 row:22 allrows:40
APPLY_BOXES: Unlabelled word blk:2 row:22 allrows:40
APPLY_BOXES: Unlabelled word blk:2 row:22 allrows:40
APPLY_BOXES: Unlabelled word blk:2 row:22 allrows:40
APPLY_BOXES: Unlabelled word blk:2 row:24 allrows:42
APPLY_BOXES: Unlabelled word blk:2 row:24 allrows:42
APPLY_BOXES: Unlabelled word blk:2 row:24 allrows:42
APPLY_BOXES: Unlabelled word blk:2 row:24 allrows:42
APPLY_BOXES: Unlabelled word blk:2 row:26 allrows:44
APPLY_BOXES: Unlabelled word blk:2 row:26 allrows:44
APPLY_BOXES: Unlabelled word blk:2 row:26 allrows:44
APPLY_BOXES: Unlabelled word blk:2 row:26 allrows:44
APPLY_BOXES: Unlabelled word blk:2 row:27 allrows:45
APPLY_BOXES: Unlabelled word blk:2 row:27 allrows:45
APPLY_BOXES: Unlabelled word blk:2 row:27 allrows:45
APPLY_BOXES: Unlabelled word blk:2 row:27 allrows:45
APPLY_BOXES: Unlabelled word blk:2 row:27 allrows:45
APPLY_BOXES: Unlabelled word blk:2 row:27 allrows:45
APPLY_BOXES: Unlabelled word blk:2 row:27 allrows:45
APPLY_BOXES: Unlabelled word blk:2 row:28 allrows:46
APPLY_BOXES: Unlabelled word blk:2 row:28 allrows:46
APPLY_BOXES: Unlabelled word blk:2 row:28 allrows:46
APPLY_BOXES: Unlabelled word blk:2 row:28 allrows:46
APPLY_BOXES: Unlabelled word blk:2 row:28 allrows:46
APPLY_BOXES: Unlabelled word blk:2 row:28 allrows:46
APPLY_BOXES: Unlabelled word blk:2 row:29 allrows:47
APPLY_BOXES: Unlabelled word blk:2 row:29 allrows:47
APPLY_BOXES: Unlabelled word blk:2 row:29 allrows:47
APPLY_BOXES: Unlabelled word blk:2 row:30 allrows:48
APPLY_BOXES: Unlabelled word blk:2 row:30 allrows:48
APPLY_BOXES: Unlabelled word blk:2 row:30 allrows:48
APPLY_BOXES: Unlabelled word blk:2 row:30 allrows:48
APPLY_BOXES: Unlabelled word blk:2 row:31 allrows:49
APPLY_BOXES: Unlabelled word blk:2 row:31 allrows:49
APPLY_BOXES: Unlabelled word blk:2 row:31 allrows:49
APPLY_BOXES: Unlabelled word blk:2 row:31 allrows:49
APPLY_BOXES: Unlabelled word blk:2 row:31 allrows:49
APPLY_BOXES: Unlabelled word blk:2 row:31 allrows:49
APPLY_BOXES: Unlabelled word blk:2 row:31 allrows:49
APPLY_BOXES: Unlabelled word blk:2 row:32 allrows:50
APPLY_BOXES: Unlabelled word blk:2 row:32 allrows:50
APPLY_BOXES: Unlabelled word blk:2 row:32 allrows:50
APPLY_BOXES: Unlabelled word blk:2 row:32 allrows:50
APPLY_BOXES: Unlabelled word blk:2 row:32 allrows:50
APPLY_BOXES: Unlabelled word blk:2 row:32 allrows:50
APPLY_BOXES: Unlabelled word blk:2 row:32 allrows:50
APPLY_BOXES: Unlabelled word blk:2 row:32 allrows:50
APPLY_BOXES: Unlabelled word blk:2 row:32 allrows:50
APPLY_BOXES: Unlabelled word blk:2 row:33 allrows:51
APPLY_BOXES: Unlabelled word blk:2 row:33 allrows:51
APPLY_BOXES: Unlabelled word blk:2 row:33 allrows:51
APPLY_BOXES: Unlabelled word blk:2 row:33 allrows:51
APPLY_BOXES: Unlabelled word blk:2 row:33 allrows:51
APPLY_BOXES: Unlabelled word blk:2 row:33 allrows:51
APPLY_BOXES: Unlabelled word blk:3 row:1 allrows:52
APPLY_BOXES: Unlabelled word blk:3 row:1 allrows:52
APPLY_BOXES: Unlabelled word blk:3 row:1 allrows:52
APPLY_BOXES: Unlabelled word blk:3 row:1 allrows:52
APPLY_BOXES: Unlabelled word blk:4 row:1 allrows:53
APPLY_BOXES: Unlabelled word blk:4 row:1 allrows:53
APPLY_BOXES: Unlabelled word blk:4 row:1 allrows:53
APPLY_BOXES: Unlabelled word blk:4 row:1 allrows:53
APPLY_BOXES: Unlabelled word blk:4 row:1 allrows:53
APPLY_BOXES: Unlabelled word blk:4 row:2 allrows:54
APPLY_BOXES: Unlabelled word blk:4 row:2 allrows:54
APPLY_BOXES: Unlabelled word blk:4 row:2 allrows:54
APPLY_BOXES: Unlabelled word blk:4 row:2 allrows:54
APPLY_BOXES: Unlabelled word blk:4 row:2 allrows:54
APPLY_BOXES: Unlabelled word blk:4 row:3 allrows:55
APPLY_BOXES: Unlabelled word blk:4 row:3 allrows:55
APPLY_BOXES: Unlabelled word blk:4 row:3 allrows:55
APPLY_BOXES: Unlabelled word blk:4 row:3 allrows:55
APPLY_BOXES: Unlabelled word blk:4 row:3 allrows:55
APPLY_BOXES: REBALANCE REQD "u [75 ]" - target of 149 from 112 labelled samples
APPLY_BOXES: REBALANCE REQD "i [69 ]" - target of 287 from 242 labelled samples
APPLY_BOXES: REBALANCE REQD "r [72 ]" - target of 214 from 174 labelled samples
APPLY_BOXES: REBALANCE REQD "e [65 ]" - target of 291 from 277 labelled samples
APPLY_BOXES: REBALANCE REQD "a [61 ]" - target of 216 from 197 labelled samples
APPLY_BOXES: REBALANCE REQD "n [6e ]" - target of 146 from 122 labelled samples
APPLY_BOXES: REBALANCE REQD "g [67 ]" - target of 23 from 14 labelled samples
APPLY_BOXES: REBALANCE REQD "t [74 ]" - target of 125 from 110 labelled samples
APPLY_BOXES: REBALANCE REQD "m [6d ]" - target of 63 from 52 labelled samples
APPLY_BOXES: REBALANCE REQD "c [63 ]" - target of 106 from 95 labelled samples
APPLY_BOXES: REBALANCE REQD "ș [219 ]" - target of 20 from 19 labelled samples
APPLY_BOXES: REBALANCE REQD "z [7a ]" - target of 22 from 18 labelled samples
APPLY_BOXES: REBALANCE REQD "l [6c ]" - target of 100 from 84 labelled samples
APPLY_BOXES: REBALANCE REQD "s [73 ]" - target of 95 from 90 labelled samples
APPLY_BOXES: REBALANCE REQD "ă [103 ]" - target of 77 from 66 labelled samples
APPLY_BOXES: REBALANCE REQD "o [6f ]" - target of 115 from 114 labelled samples
APPLY_BOXES: REBALANCE REQD "ț [21b ]" - target of 42 from 40 labelled samples
APPLY_BOXES: REBALANCE REQD "d [64 ]" - target of 82 from 78 labelled samples
APPLY_BOXES: REBALANCE REQD "v [76 ]" - target of 27 from 25 labelled samples
APPLY_BOXES: REBALANCE REQD "î [ee ]" - target of 31 from 25 labelled samples
APPLY_BOXES: REBALANCE REQD "f [66 ]" - target of 24 from 23 labelled samples
APPLY_BOXES: FATALITY - 1 labelled samples of "Î [ce ]" - target is 2:
APPLY_BOXES: FATALITY - 0 labelled samples of "O [4f ]" - target is 1:
APPLY_BOXES:
   Boxes read from boxfile:    2430
   Initially labelled blobs:   2150 in 55 rows
   Box failures detected:          280
   Duped blobs for rebalance:   278
   "O" has fewest samples:     0
                Total unlabelled words:      192
                Final labelled words:       2428
Generating training data
TRAINING ... Font name = UnknownFont
Generated training data for 2428 blobs
Page 1
APPLY_BOXES:
   Boxes read from boxfile:      40
   Initially labelled blobs:     40 in 1 rows
   Box failures detected:            0
   Duped blobs for rebalance:     0
   "U" has fewest samples:     1
                Total unlabelled words:        0
                Final labelled words:         40
Generating training data
Generated training data for 40 blobs
Page 2
APPLY_BOXES: boxfile 3/4/o ((961,10),(984,35)): FAILURE! box overlaps blob in labelled word
APPLY_BOXES: ALSO ignoring corrupted char blk:1 row:1 "R"
APPLY_BOXES: boxfile 5/11/ț ((1294,1),(1308,43)): FAILURE! box overlaps blob in labelled word
APPLY_BOXES: ALSO ignoring corrupted char blk:1 row:1 "r"
APPLY_BOXES: boxfile 6/2/t ((1379,14),(1394,45)): FAILURE! box overlaps blob in labelled word
APPLY_BOXES: ALSO ignoring corrupted char blk:1 row:1 "x"
APPLY_BOXES: boxfile 6/4/r ((1414,13),(1433,37)): FAILURE! box overlaps blob in labelled word
APPLY_BOXES: ALSO ignoring corrupted char blk:1 row:1 "e"
APPLY_BOXES: Unlabelled word blk:1 row:1 allrows:1
APPLY_BOXES: Unlabelled word blk:1 row:1 allrows:1
APPLY_BOXES: Unlabelled word blk:1 row:1 allrows:1
APPLY_BOXES: Unlabelled word blk:1 row:1 allrows:1
APPLY_BOXES: FATALITY - 0 labelled samples of "R [52 ]" - target is 1:
APPLY_BOXES: REBALANCE REQD "o [6f ]" - target of 3 from 2 labelled samples
APPLY_BOXES: REBALANCE REQD "e [65 ]" - target of 4 from 3 labelled samples
APPLY_BOXES: FATALITY - 1 labelled samples of "r [72 ]" - target is 3:
APPLY_BOXES: FATALITY - 0 labelled samples of "ț [21b ]" - target is 1:
APPLY_BOXES: FATALITY - 0 labelled samples of "x [78 ]" - target is 1:
APPLY_BOXES: FATALITY - 0 labelled samples of "t [74 ]" - target is 1:
APPLY_BOXES:
   Boxes read from boxfile:      33
   Initially labelled blobs:     25 in 1 rows
   Box failures detected:            8
   Duped blobs for rebalance:     2
   "R" has fewest samples:     0
                Total unlabelled words:        4
                Final labelled words:         27
Generating training data
Generated training data for 27 blobs
Page 3
APPLY_BOXES: boxfile 43/5/ă ((271,1217),(292,1249)): FAILURE! box overlaps blob in labelled word
APPLY_BOXES: ALSO ignoring corrupted char blk:3 row:20 "t"
APPLY_BOXES: boxfile 60/5/r ((189,1043),(208,1073)): FAILURE! box overlaps blob in labelled word
APPLY_BOXES: ALSO ignoring corrupted char blk:3 row:24 "t"
APPLY_BOXES: boxfile 74/3/l ((1151,819),(1165,851)): FAILURE! box overlaps blob in labelled word
APPLY_BOXES: ALSO ignoring corrupted char blk:3 row:1 "i"
APPLY_BOXES: boxfile 84/2/r ((373,630),(390,652)): FAILURE! box overlaps blob in labelled word
APPLY_BOXES: ALSO ignoring corrupted char blk:3 row:5 "i"
APPLY_BOXES: boxfile 95/7/n ((1116,455),(1142,478)): FAILURE! box overlaps blob in labelled word
APPLY_BOXES: ALSO ignoring corrupted char blk:3 row:9 "u"
APPLY_BOXES: boxfile 104/2/r ((761,360),(779,384)): FAILURE! box overlaps blob in labelled word
APPLY_BOXES: ALSO ignoring corrupted char blk:3 row:11 "î"
APPLY_BOXES: boxfile 123/24/ă ((660,179),(683,210)): FAILURE! box overlaps blob in labelled word
APPLY_BOXES: ALSO ignoring corrupted char blk:3 row:15 "t"
APPLY_BOXES: boxfile 127/3/r ((1179,128),(1196,158)): FAILURE! box overlaps blob in labelled word
APPLY_BOXES: ALSO ignoring corrupted char blk:3 row:16 "t"
APPLY_BOXES: boxfile 128/8/a ((284,85),(305,107)): FAILURE! box overlaps blob in labelled word
APPLY_BOXES: ALSO ignoring corrupted char blk:3 row:17 "t"
APPLY_BOXES: boxfile 128/16/a ((454,83),(477,109)): FAILURE! box overlaps blob in labelled word
APPLY_BOXES: ALSO ignoring corrupted char blk:3 row:17 "l"
APPLY_BOXES: boxfile 129/1/, ((747,79),(756,94)): FAILURE! box overlaps blob in labelled word
APPLY_BOXES: ALSO ignoring corrupted char blk:3 row:17 "t"
APPLY_BOXES: More than one block??
APPLY_BOXES: Unlabelled word blk:1 row:1 allrows:1
APPLY_BOXES: Unlabelled word blk:1 row:1 allrows:1
APPLY_BOXES: Unlabelled word blk:1 row:3 allrows:3
APPLY_BOXES: Unlabelled word blk:1 row:3 allrows:3
APPLY_BOXES: Unlabelled word blk:1 row:4 allrows:4
APPLY_BOXES: Unlabelled word blk:1 row:14 allrows:14
APPLY_BOXES: Unlabelled word blk:1 row:18 allrows:18
APPLY_BOXES: Unlabelled word blk:1 row:20 allrows:20
APPLY_BOXES: Unlabelled word blk:1 row:24 allrows:24
APPLY_BOXES: Unlabelled word blk:3 row:1 allrows:27
APPLY_BOXES: Unlabelled word blk:3 row:5 allrows:31
APPLY_BOXES: Unlabelled word blk:3 row:9 allrows:35
APPLY_BOXES: Unlabelled word blk:3 row:10 allrows:36
APPLY_BOXES: Unlabelled word blk:3 row:11 allrows:37
APPLY_BOXES: Unlabelled word blk:3 row:12 allrows:38
APPLY_BOXES: Unlabelled word blk:3 row:13 allrows:39
APPLY_BOXES: Unlabelled word blk:3 row:14 allrows:40
APPLY_BOXES: Unlabelled word blk:3 row:15 allrows:41
APPLY_BOXES: Unlabelled word blk:3 row:16 allrows:42
APPLY_BOXES: Unlabelled word blk:3 row:17 allrows:43
APPLY_BOXES: Unlabelled word blk:3 row:17 allrows:43
APPLY_BOXES: Unlabelled word blk:3 row:17 allrows:43
APPLY_BOXES: REBALANCE REQD "i [69 ]" - target of 205 from 203 labelled samples
APPLY_BOXES: REBALANCE REQD "n [6e ]" - target of 125 from 124 labelled samples
APPLY_BOXES: REBALANCE REQD "t [74 ]" - target of 103 from 97 labelled samples
APPLY_BOXES: REBALANCE REQD "r [72 ]" - target of 110 from 106 labelled samples
APPLY_BOXES: REBALANCE REQD "a [61 ]" - target of 162 from 160 labelled samples
APPLY_BOXES: REBALANCE REQD "l [6c ]" - target of 113 from 111 labelled samples
APPLY_BOXES: REBALANCE REQD "u [75 ]" - target of 83 from 82 labelled samples
APPLY_BOXES: REBALANCE REQD ", [2c ]" - target of 26 from 25 labelled samples
APPLY_BOXES: REBALANCE REQD "ă [103 ]" - target of 40 from 38 labelled samples
APPLY_BOXES: REBALANCE REQD "î [ee ]" - target of 27 from 26 labelled samples
APPLY_BOXES:
   Boxes read from boxfile:    1692
   Initially labelled blobs:   1670 in 44 rows
   Box failures detected:           22
   Duped blobs for rebalance:    22
   "D" has fewest samples:     1
                Total unlabelled words:       22
                Final labelled words:       1692
Generating training data
Generated training data for 1692 blobs
